<?xml version="1.0" encoding="UTF-8"?>
<!-- Generated by org.testng.reporters.JUnitReportReporter -->
<testsuite hostname="Sandy" failures="0" tests="1" name="Assignments.Assignment3" time="9.646" errors="0" timestamp="2021-11-27T16:59:29 IST" skipped="0">
  <testcase classname="Assignments.Assignment3" name="assignment3" time="9.646"/>
  <system-out/>
</testsuite> <!-- Assignments.Assignment3 -->
