<?xml version="1.0" encoding="UTF-8"?>
<!-- Generated by org.testng.reporters.JUnitReportReporter -->
<testsuite hostname="Sandy" failures="0" tests="1" name="Assignments.Assignment1" time="18.733" errors="0" timestamp="2021-11-28T13:05:26 IST" skipped="0">
  <testcase classname="Assignments.Assignment1" name="assignment1" time="18.733"/>
  <system-out/>
</testsuite> <!-- Assignments.Assignment1 -->
