<?xml version="1.0" encoding="UTF-8"?>
<!-- Generated by org.testng.reporters.JUnitReportReporter -->
<testsuite hostname="Sandy" failures="0" tests="1" name="Assignments.Assignment2" time="38.994" errors="0" timestamp="2021-11-28T13:08:20 IST" skipped="0">
  <testcase classname="Assignments.Assignment2" name="assignment2" time="38.994"/>
  <system-out/>
</testsuite> <!-- Assignments.Assignment2 -->
